Compiling the C compiler identification source file "CMakeCCompilerId.c" failed.
Compiler: C:/TastyBlueberryPI/DevTools/AndroidSDK/ndk-bundle/toolchains/x86-4.9/prebuilt/windows-x86_64/bin/i686-linux-android-gcc.exe 
Build flags: -g;-DANDROID;-ffunction-sections;-funwind-tables;-fstack-protector-strong;-no-canonical-prefixes;-Wa,--noexecstack;-Wformat;-Werror=format-security;-g;-DANDROID;-ffunction-sections;-funwind-tables;-fstack-protector-strong;-no-canonical-prefixes;-Wa,--noexecstack;-Wformat;-Werror=format-security;
Id flags: 

The output was:
1
C:/TastyBlueberryPI/DevTools/AndroidSDK/ndk-bundle/toolchains/x86-4.9/prebuilt/windows-x86_64/bin/../lib/gcc/i686-linux-android/4.9.x/../../../../i686-linux-android/bin/ld.exe: error: cannot open crtbegin_dynamic.o: No such file or directory
C:/TastyBlueberryPI/DevTools/AndroidSDK/ndk-bundle/toolchains/x86-4.9/prebuilt/windows-x86_64/bin/../lib/gcc/i686-linux-android/4.9.x/../../../../i686-linux-android/bin/ld.exe: error: cannot open crtend_android.o: No such file or directory
C:/TastyBlueberryPI/DevTools/AndroidSDK/ndk-bundle/toolchains/x86-4.9/prebuilt/windows-x86_64/bin/../lib/gcc/i686-linux-android/4.9.x/../../../../i686-linux-android/bin/ld.exe: error: cannot find -lc
C:/TastyBlueberryPI/DevTools/AndroidSDK/ndk-bundle/toolchains/x86-4.9/prebuilt/windows-x86_64/bin/../lib/gcc/i686-linux-android/4.9.x/../../../../i686-linux-android/bin/ld.exe: error: cannot find -ldl
collect2.exe: error: ld returned 1 exit status


Compiling the CXX compiler identification source file "CMakeCXXCompilerId.cpp" failed.
Compiler: C:/TastyBlueberryPI/DevTools/AndroidSDK/ndk-bundle/toolchains/x86-4.9/prebuilt/windows-x86_64/bin/i686-linux-android-g++.exe 
Build flags: -g;-DANDROID;-ffunction-sections;-funwind-tables;-fstack-protector-strong;-no-canonical-prefixes;-Wa,--noexecstack;-Wformat;-Werror=format-security;-fno-exceptions;-fno-rtti;-g;-DANDROID;-ffunction-sections;-funwind-tables;-fstack-protector-strong;-no-canonical-prefixes;-Wa,--noexecstack;-Wformat;-Werror=format-security;-fno-exceptions;-fno-rtti;
Id flags: 

The output was:
1
C:/TastyBlueberryPI/DevTools/AndroidSDK/ndk-bundle/toolchains/x86-4.9/prebuilt/windows-x86_64/bin/../lib/gcc/i686-linux-android/4.9.x/../../../../i686-linux-android/bin/ld.exe: error: cannot open crtbegin_dynamic.o: No such file or directory
C:/TastyBlueberryPI/DevTools/AndroidSDK/ndk-bundle/toolchains/x86-4.9/prebuilt/windows-x86_64/bin/../lib/gcc/i686-linux-android/4.9.x/../../../../i686-linux-android/bin/ld.exe: error: cannot open crtend_android.o: No such file or directory
C:/TastyBlueberryPI/DevTools/AndroidSDK/ndk-bundle/toolchains/x86-4.9/prebuilt/windows-x86_64/bin/../lib/gcc/i686-linux-android/4.9.x/../../../../i686-linux-android/bin/ld.exe: error: cannot find -lstdc++
C:/TastyBlueberryPI/DevTools/AndroidSDK/ndk-bundle/toolchains/x86-4.9/prebuilt/windows-x86_64/bin/../lib/gcc/i686-linux-android/4.9.x/../../../../i686-linux-android/bin/ld.exe: error: cannot find -lm
C:/TastyBlueberryPI/DevTools/AndroidSDK/ndk-bundle/toolchains/x86-4.9/prebuilt/windows-x86_64/bin/../lib/gcc/i686-linux-android/4.9.x/../../../../i686-linux-android/bin/ld.exe: error: cannot find -lc
C:/TastyBlueberryPI/DevTools/AndroidSDK/ndk-bundle/toolchains/x86-4.9/prebuilt/windows-x86_64/bin/../lib/gcc/i686-linux-android/4.9.x/../../../../i686-linux-android/bin/ld.exe: error: cannot find -ldl
collect2.exe: error: ld returned 1 exit status


